Executing: naabu -l recon_20260114_123354/results/phase1_resolved.txt -p - -silent
wanted.nosm.ca:443
vc.nosm.ca:443
help.nosm.ca:80
stream.nosm.ca:80
mynosm.nosm.ca:80
reset.nosm.ca:80
support.nosm.ca:80
password.nosm.ca:80
qualtrics.nosm.ca:80
survey.nosm.ca:80
toolkit.nosm.ca:80
mail.nosm.ca:80
wremote.nosm.ca:443
wvpn.nosm.ca:443
wanted.nosm.ca:80
vc.nosm.ca:80
store.nosm.ca:443
future.nosm.ca:80
pcweb.nosm.ca:80
nosm.ca:80
www.nosm.ca:80
annals.org.proxy.lib.nosm.ca:80
accessmedicine.mhmedical.com.proxy.lib.nosm.ca:80
account-ncbi-nlm-nih-gov.proxy.lib.nosm.ca:80
eds.b.ebscohost.com.proxy.lib.nosm.ca:80
jamanetwork.com.proxy.lib.nosm.ca:80
journals.sagepub.com.proxy.lib.nosm.ca:80
doi-org.proxy.lib.nosm.ca:80
apps.webofknowledge.com.proxy.lib.nosm.ca:80
dx.doi.org.proxy.lib.nosm.ca:80
jamaevidence-mhmedical-com.proxy.lib.nosm.ca:80
host: dx-doi-org.proxy.lib.nosm.ca:80
bjsm.bmj.com.proxy.lib.nosm.ca:80
bmjopen.bmj.com.proxy.lib.nosm.ca:80
batesvisualguide.com.proxy.lib.nosm.ca:80
laurentian.ca.proxy.lib.nosm.ca:80
ezproxy.lakeheadu.ca.proxy.lib.nosm.ca:80
ch6pm7nt9p.search.serialssolutions.com.proxy.lib.nosm.ca:80
libraryguides.nosm.ca.proxy.lib.nosm.ca:80
books2.scholarsportal.info.ezproxy.lakeheadu.ca.proxy.lib.nosm.ca:80
library.lakeheadu.ca.proxy.lib.nosm.ca:80
lib.myilibrary.com.proxy.lib.nosm.ca:80
host: pubmed-ncbi-nlm-nih-gov.proxy.lib.nosm.ca:80
login.proxy.lib.nosm.ca:80
login.webofknowledge.com.proxy.lib.nosm.ca:80
images.webofknowledge.com.proxy.lib.nosm.ca:80
nih-gov-ezproxy-lakeheadu-ca.proxy.lib.nosm.ca:80
linkinghub.elsevier.com.proxy.lib.nosm.ca:80
meta.wkhealth.com.proxy.lib.nosm.ca:80
online.lexi.com.proxy.lib.nosm.ca:80
onlinelibrary.wiley.com.ezproxy.lakeheadu.ca.proxy.lib.nosm.ca:80
onlinelibrary.wiley.com.proxy.lib.nosm.ca:80
pdfs.journals.lww.com.proxy.lib.nosm.ca:80
ovidsp.ovid.com.proxy.lib.nosm.ca:80
ovidsp.tx.ovid.com.proxy.lib.nosm.ca:80
ovid.visiblebody.com.proxy.lib.nosm.ca:80
pubs.acs.org.proxy.lib.nosm.ca:80
science.sciencemag.org.proxy.lib.nosm.ca:80
search.ebscohost.com.proxy.lib.nosm.ca:80
search.proquest.com.proxy.lib.nosm.ca:80
pt.wkhealth.com.proxy.lib.nosm.ca:80
search-proquest-com.proxy.lib.nosm.ca:80
search.sciencemag.org.proxy.lib.nosm.ca:80
qualitysafety.bmj.com.proxy.lib.nosm.ca:80
www-ncbi-nlm-nih-gov.proxy.lib.nosm.ca:80
www-uptodate-com.proxy.lib.nosm.ca:80
www-tandfonline-com.proxy.lib.nosm.ca:80
www.jrheum.org.proxy.lib.nosm.ca:80
www.ncbi.nlm.nih.gov.proxy.lib.nosm.ca:80
www.emeraldinsight.com.proxy.lib.nosm.ca:80
sfx.scholarsportal.info.proxy.lib.nosm.ca:80
www.nosm.ca.proxy.lib.nosm.ca:80
www.sciencedirect.com.proxy.lib.nosm.ca:80
accessmedicine-mhmedical-com.proxy.lib.nosm.ca:80
accessemergencymedicine-mhmedical-com.proxy.lib.nosm.ca:80
www.pennutrition.com.proxy.lib.nosm.ca:80
www.sciencemag.org.proxy.lib.nosm.ca:80
associationofanaesthetists-publications-onlinelibrary-wiley-com.proxy.lib.nosm.ca:80
ebookcentral-proquest-com.proxy.lib.nosm.ca:80
laurentian-ca.proxy.lib.nosm.ca:80
link-springer-com.proxy.lib.nosm.ca:80
naturalmedicines-therapeuticresearch-com.proxy.lib.nosm.ca:80
oce-ovid-com.proxy.lib.nosm.ca:80
www-clinicalkey-com.proxy.lib.nosm.ca:80
www-cmaj-ca.proxy.lib.nosm.ca:80
www-sciencedirect-com.proxy.lib.nosm.ca:80
www-pennutrition-com.proxy.lib.nosm.ca:80
www-thieme-connect-de.proxy.lib.nosm.ca:80
library-lakeheadu-ca.proxy.lib.nosm.ca:80
proxy.nosm.ca:80
www-nhlbi-nih-gov.proxy.lib.nosm.ca:80
movingon.nosm.ca:80
movingon.nosm.ca:443
normedlive.nosm.ca:443
webprod.nosm.ca:443
libraryguides.nosm.ca:443
libraryguides.nosm.ca:80
mygradstudies.nosm.ca:80
mail.nosm.ca:80
webadvisor.nosm.ca:443
collss.nosm.ca:80
future.nosm.ca:443
ns2.nosm.ca:53
apply.nosm.ca:80
adfso.nosm.ca:80
eform2.nosm.ca:80
mail.nosm.ca:443
mta-sts.nosm.ca:443
apply.nosm.ca:443
report.nosm.ca:80
collpg.nosm.ca:80
collpg.nosm.ca:443
adfso.nosm.ca:443
mail.nosm.ca:443
help.nosm.ca:443
stream.nosm.ca:443
mynosm.nosm.ca:443
reset.nosm.ca:443
support.nosm.ca:443
password.nosm.ca:443
qualtrics.nosm.ca:443
survey.nosm.ca:443
toolkit.nosm.ca:443
strategicplan.nosm.ca:443
culture.nosm.ca:80
collss.nosm.ca:443
store.nosm.ca:80
cepd.nosm.ca:80
eform2.nosm.ca:443
nosm.ca:443
www.nosm.ca:443
elentra.nosm.ca:80
learn.nosm.ca:80
learntest.nosm.ca:80
myevents.nosm.ca:80
myevents.nosm.ca:443
cepd.nosm.ca:443
mail.nosm.ca:80
libraryguides.nosm.ca:80
panda.nosm.ca:80
mygradstudies.nosm.ca:443
strategicplan.nosm.ca:80
mta-sts.nosm.ca:80
learn.nosm.ca:443
learntest.nosm.ca:443
mail.nosm.ca:443
Executing: httpx -l recon_20260114_123354/results/phase1_resolved.txt -silent -title -status-code
Traceback (most recent call last):
  File "/home/rjodouin/.local/bin/httpx", line 5, in <module>
    from httpx import main
ModuleNotFoundError: No module named 'httpx'
Executing: cat recon_20260114_123354/results/phase1_resolved.txt | httprobe -c 50
https://evpn.nosm.ca
http://adfso.nosm.ca
https://adfso.nosm.ca
http://libraryguides.nosm.ca
http://libraryguides.nosm.ca
http://libraryguides.nosm.ca
http://libraryguides.nosm.ca
http://libraryguides.nosm.ca
http://libraryguides.nosm.ca
http://libraryguides.nosm.ca
http://libraryguides.nosm.ca
http://libraryguides.nosm.ca
https://libraryguides.nosm.ca
https://libraryguides.nosm.ca
http://libraryguides.nosm.ca
http://libraryguides.nosm.ca
http://libraryguides.nosm.ca
http://libraryguides.nosm.ca
http://libraryguides.nosm.ca
http://libraryguides.nosm.ca
http://libraryguides.nosm.ca
https://libraryguides.nosm.ca
https://libraryguides.nosm.ca
https://libraryguides.nosm.ca
https://libraryguides.nosm.ca
https://libraryguides.nosm.ca
https://libraryguides.nosm.ca
https://libraryguides.nosm.ca
https://libraryguides.nosm.ca
https://libraryguides.nosm.ca
https://libraryguides.nosm.ca
https://libraryguides.nosm.ca
https://libraryguides.nosm.ca
https://libraryguides.nosm.ca
https://libraryguides.nosm.ca
http://libraryguides.nosm.ca
http://libraryguides.nosm.ca
http://libraryguides.nosm.ca
http://libraryguides.nosm.ca
http://libraryguides.nosm.ca
http://libraryguides.nosm.ca
http://libraryguides.nosm.ca
http://libraryguides.nosm.ca
http://libraryguides.nosm.ca
http://libraryguides.nosm.ca
https://libraryguides.nosm.ca
http://libraryguides.nosm.ca
http://libraryguides.nosm.ca
https://libraryguides.nosm.ca
https://libraryguides.nosm.ca
https://libraryguides.nosm.ca
https://libraryguides.nosm.ca
https://libraryguides.nosm.ca
http://libraryguides.nosm.ca
https://libraryguides.nosm.ca
https://libraryguides.nosm.ca
https://libraryguides.nosm.ca
https://libraryguides.nosm.ca
http://libraryguides.nosm.ca
http://libraryguides.nosm.ca
http://libraryguides.nosm.ca
https://libraryguides.nosm.ca
http://libraryguides.nosm.ca
https://libraryguides.nosm.ca
http://libraryguides.nosm.ca
https://libraryguides.nosm.ca
http://libraryguides.nosm.ca
http://libraryguides.nosm.ca
https://libraryguides.nosm.ca
http://libraryguides.nosm.ca
http://libraryguides.nosm.ca
http://libraryguides.nosm.ca
http://libraryguides.nosm.ca
https://libraryguides.nosm.ca
https://libraryguides.nosm.ca
https://libraryguides.nosm.ca
http://libraryguides.nosm.ca
https://libraryguides.nosm.ca
https://libraryguides.nosm.ca
https://libraryguides.nosm.ca
https://libraryguides.nosm.ca
https://libraryguides.nosm.ca
https://libraryguides.nosm.ca
http://libraryguides.nosm.ca
http://libraryguides.nosm.ca
http://libraryguides.nosm.ca
http://libraryguides.nosm.ca
http://libraryguides.nosm.ca
http://libraryguides.nosm.ca
http://libraryguides.nosm.ca
http://libraryguides.nosm.ca
http://libraryguides.nosm.ca
https://libraryguides.nosm.ca
https://libraryguides.nosm.ca
https://libraryguides.nosm.ca
https://libraryguides.nosm.ca
https://libraryguides.nosm.ca
https://libraryguides.nosm.ca
https://libraryguides.nosm.ca
http://libraryguides.nosm.ca
http://libraryguides.nosm.ca
http://libraryguides.nosm.ca
https://libraryguides.nosm.ca
http://libraryguides.nosm.ca
https://libraryguides.nosm.ca
https://libraryguides.nosm.ca
https://libraryguides.nosm.ca
https://libraryguides.nosm.ca
https://libraryguides.nosm.ca
https://libraryguides.nosm.ca
http://libraryguides.nosm.ca
http://libraryguides.nosm.ca
http://libraryguides.nosm.ca
http://libraryguides.nosm.ca
http://libraryguides.nosm.ca
https://libraryguides.nosm.ca
http://libraryguides.nosm.ca
https://libraryguides.nosm.ca
http://libraryguides.nosm.ca
https://libraryguides.nosm.ca
http://libraryguides.nosm.ca
http://libraryguides.nosm.ca
https://libraryguides.nosm.ca
https://libraryguides.nosm.ca
http://libraryguides.nosm.ca
http://libraryguides.nosm.ca
http://libraryguides.nosm.ca
https://libraryguides.nosm.ca
https://libraryguides.nosm.ca
https://libraryguides.nosm.ca
http://libraryguides.nosm.ca
http://libraryguides.nosm.ca
http://libraryguides.nosm.ca
https://libraryguides.nosm.ca
http://libraryguides.nosm.ca
http://libraryguides.nosm.ca
http://libraryguides.nosm.ca
http://libraryguides.nosm.ca
https://libraryguides.nosm.ca
https://libraryguides.nosm.ca
https://libraryguides.nosm.ca
https://libraryguides.nosm.ca
https://libraryguides.nosm.ca
http://libraryguides.nosm.ca
http://libraryguides.nosm.ca
http://libraryguides.nosm.ca
http://libraryguides.nosm.ca
https://libraryguides.nosm.ca
https://libraryguides.nosm.ca
https://libraryguides.nosm.ca
https://libraryguides.nosm.ca
http://libraryguides.nosm.ca
http://libraryguides.nosm.ca
http://libraryguides.nosm.ca
http://libraryguides.nosm.ca
http://libraryguides.nosm.ca
https://libraryguides.nosm.ca
https://libraryguides.nosm.ca
https://libraryguides.nosm.ca
https://libraryguides.nosm.ca
https://libraryguides.nosm.ca
https://libraryguides.nosm.ca
https://libraryguides.nosm.ca
https://libraryguides.nosm.ca
https://libraryguides.nosm.ca
http://libraryguides.nosm.ca
https://libraryguides.nosm.ca
http://libraryguides.nosm.ca
http://libraryguides.nosm.ca
http://libraryguides.nosm.ca
http://libraryguides.nosm.ca
http://libraryguides.nosm.ca
https://libraryguides.nosm.ca
https://libraryguides.nosm.ca
http://libraryguides.nosm.ca
http://libraryguides.nosm.ca
http://libraryguides.nosm.ca
http://libraryguides.nosm.ca
http://libraryguides.nosm.ca
https://libraryguides.nosm.ca
https://libraryguides.nosm.ca
https://libraryguides.nosm.ca
https://libraryguides.nosm.ca
http://libraryguides.nosm.ca
https://libraryguides.nosm.ca
http://libraryguides.nosm.ca
http://libraryguides.nosm.ca
https://libraryguides.nosm.ca
https://libraryguides.nosm.ca
https://libraryguides.nosm.ca
https://libraryguides.nosm.ca
https://libraryguides.nosm.ca
https://libraryguides.nosm.ca
https://libraryguides.nosm.ca
http://libraryguides.nosm.ca
http://libraryguides.nosm.ca
http://libraryguides.nosm.ca
http://libraryguides.nosm.ca
http://libraryguides.nosm.ca
https://libraryguides.nosm.ca
https://libraryguides.nosm.ca
https://libraryguides.nosm.ca
https://libraryguides.nosm.ca
https://libraryguides.nosm.ca
http://libraryguides.nosm.ca
http://libraryguides.nosm.ca
http://libraryguides.nosm.ca
http://libraryguides.nosm.ca
https://libraryguides.nosm.ca
https://libraryguides.nosm.ca
http://libraryguides.nosm.ca
https://libraryguides.nosm.ca
http://libraryguides.nosm.ca
http://libraryguides.nosm.ca
https://libraryguides.nosm.ca
https://libraryguides.nosm.ca
https://libraryguides.nosm.ca
https://libraryguides.nosm.ca
https://libraryguides.nosm.ca
http://libraryguides.nosm.ca
http://libraryguides.nosm.ca
http://libraryguides.nosm.ca
https://libraryguides.nosm.ca
https://libraryguides.nosm.ca
http://mail.nosm.ca
http://mail.nosm.ca
http://mail.nosm.ca
